<?xml version="1.0" encoding="UTF-8"?>
<testsuite xmlns:xsi="http://www.w3.org/2001/XMLSchema-instance" xsi:noNamespaceSchemaLocation="https://maven.apache.org/surefire/maven-surefire-plugin/xsd/surefire-test-report.xsd" name="com.jl.ApplicationTests" time="2.867" tests="1" errors="0" skipped="0" failures="0">
  <properties>
    <property name="sun.desktop" value="windows"/>
    <property name="awt.toolkit" value="sun.awt.windows.WToolkit"/>
    <property name="file.encoding.pkg" value="sun.io"/>
    <property name="java.specification.version" value="1.8"/>
    <property name="sun.cpu.isalist" value="amd64"/>
    <property name="sun.jnu.encoding" value="GBK"/>
    <property name="java.class.path" value="F:\code\SpringBoot\springboot_01_quickstart\target\test-classes;F:\code\SpringBoot\springboot_01_quickstart\target\classes;E:\Maven Download\apache-maven-3.8.5\maven-repo\org\springframework\boot\spring-boot-starter-web\2.7.1\spring-boot-starter-web-2.7.1.jar;E:\Maven Download\apache-maven-3.8.5\maven-repo\org\springframework\boot\spring-boot-starter\2.7.1\spring-boot-starter-2.7.1.jar;E:\Maven Download\apache-maven-3.8.5\maven-repo\org\springframework\boot\spring-boot\2.7.1\spring-boot-2.7.1.jar;E:\Maven Download\apache-maven-3.8.5\maven-repo\org\springframework\boot\spring-boot-autoconfigure\2.7.1\spring-boot-autoconfigure-2.7.1.jar;E:\Maven Download\apache-maven-3.8.5\maven-repo\org\springframework\boot\spring-boot-starter-logging\2.7.1\spring-boot-starter-logging-2.7.1.jar;E:\Maven Download\apache-maven-3.8.5\maven-repo\ch\qos\logback\logback-classic\1.2.11\logback-classic-1.2.11.jar;E:\Maven Download\apache-maven-3.8.5\maven-repo\ch\qos\logback\logback-core\1.2.11\logback-core-1.2.11.jar;E:\Maven Download\apache-maven-3.8.5\maven-repo\org\apache\logging\log4j\log4j-to-slf4j\2.17.2\log4j-to-slf4j-2.17.2.jar;E:\Maven Download\apache-maven-3.8.5\maven-repo\org\apache\logging\log4j\log4j-api\2.17.2\log4j-api-2.17.2.jar;E:\Maven Download\apache-maven-3.8.5\maven-repo\org\slf4j\jul-to-slf4j\1.7.36\jul-to-slf4j-1.7.36.jar;E:\Maven Download\apache-maven-3.8.5\maven-repo\jakarta\annotation\jakarta.annotation-api\1.3.5\jakarta.annotation-api-1.3.5.jar;E:\Maven Download\apache-maven-3.8.5\maven-repo\org\yaml\snakeyaml\1.30\snakeyaml-1.30.jar;E:\Maven Download\apache-maven-3.8.5\maven-repo\org\springframework\boot\spring-boot-starter-json\2.7.1\spring-boot-starter-json-2.7.1.jar;E:\Maven Download\apache-maven-3.8.5\maven-repo\com\fasterxml\jackson\core\jackson-databind\2.13.3\jackson-databind-2.13.3.jar;E:\Maven Download\apache-maven-3.8.5\maven-repo\com\fasterxml\jackson\core\jackson-annotations\2.13.3\jackson-annotations-2.13.3.jar;E:\Maven Download\apache-maven-3.8.5\maven-repo\com\fasterxml\jackson\core\jackson-core\2.13.3\jackson-core-2.13.3.jar;E:\Maven Download\apache-maven-3.8.5\maven-repo\com\fasterxml\jackson\datatype\jackson-datatype-jdk8\2.13.3\jackson-datatype-jdk8-2.13.3.jar;E:\Maven Download\apache-maven-3.8.5\maven-repo\com\fasterxml\jackson\datatype\jackson-datatype-jsr310\2.13.3\jackson-datatype-jsr310-2.13.3.jar;E:\Maven Download\apache-maven-3.8.5\maven-repo\com\fasterxml\jackson\module\jackson-module-parameter-names\2.13.3\jackson-module-parameter-names-2.13.3.jar;E:\Maven Download\apache-maven-3.8.5\maven-repo\org\springframework\boot\spring-boot-starter-tomcat\2.7.1\spring-boot-starter-tomcat-2.7.1.jar;E:\Maven Download\apache-maven-3.8.5\maven-repo\org\apache\tomcat\embed\tomcat-embed-core\9.0.64\tomcat-embed-core-9.0.64.jar;E:\Maven Download\apache-maven-3.8.5\maven-repo\org\apache\tomcat\embed\tomcat-embed-el\9.0.64\tomcat-embed-el-9.0.64.jar;E:\Maven Download\apache-maven-3.8.5\maven-repo\org\apache\tomcat\embed\tomcat-embed-websocket\9.0.64\tomcat-embed-websocket-9.0.64.jar;E:\Maven Download\apache-maven-3.8.5\maven-repo\org\springframework\spring-web\5.3.21\spring-web-5.3.21.jar;E:\Maven Download\apache-maven-3.8.5\maven-repo\org\springframework\spring-beans\5.3.21\spring-beans-5.3.21.jar;E:\Maven Download\apache-maven-3.8.5\maven-repo\org\springframework\spring-webmvc\5.3.21\spring-webmvc-5.3.21.jar;E:\Maven Download\apache-maven-3.8.5\maven-repo\org\springframework\spring-aop\5.3.21\spring-aop-5.3.21.jar;E:\Maven Download\apache-maven-3.8.5\maven-repo\org\springframework\spring-context\5.3.21\spring-context-5.3.21.jar;E:\Maven Download\apache-maven-3.8.5\maven-repo\org\springframework\spring-expression\5.3.21\spring-expression-5.3.21.jar;E:\Maven Download\apache-maven-3.8.5\maven-repo\org\springframework\boot\spring-boot-starter-test\2.7.1\spring-boot-starter-test-2.7.1.jar;E:\Maven Download\apache-maven-3.8.5\maven-repo\org\springframework\boot\spring-boot-test\2.7.1\spring-boot-test-2.7.1.jar;E:\Maven Download\apache-maven-3.8.5\maven-repo\org\springframework\boot\spring-boot-test-autoconfigure\2.7.1\spring-boot-test-autoconfigure-2.7.1.jar;E:\Maven Download\apache-maven-3.8.5\maven-repo\com\jayway\jsonpath\json-path\2.7.0\json-path-2.7.0.jar;E:\Maven Download\apache-maven-3.8.5\maven-repo\net\minidev\json-smart\2.4.8\json-smart-2.4.8.jar;E:\Maven Download\apache-maven-3.8.5\maven-repo\net\minidev\accessors-smart\2.4.8\accessors-smart-2.4.8.jar;E:\Maven Download\apache-maven-3.8.5\maven-repo\org\ow2\asm\asm\9.1\asm-9.1.jar;E:\Maven Download\apache-maven-3.8.5\maven-repo\org\slf4j\slf4j-api\1.7.36\slf4j-api-1.7.36.jar;E:\Maven Download\apache-maven-3.8.5\maven-repo\jakarta\xml\bind\jakarta.xml.bind-api\2.3.3\jakarta.xml.bind-api-2.3.3.jar;E:\Maven Download\apache-maven-3.8.5\maven-repo\jakarta\activation\jakarta.activation-api\1.2.2\jakarta.activation-api-1.2.2.jar;E:\Maven Download\apache-maven-3.8.5\maven-repo\org\assertj\assertj-core\3.22.0\assertj-core-3.22.0.jar;E:\Maven Download\apache-maven-3.8.5\maven-repo\org\hamcrest\hamcrest\2.2\hamcrest-2.2.jar;E:\Maven Download\apache-maven-3.8.5\maven-repo\org\junit\jupiter\junit-jupiter\5.8.2\junit-jupiter-5.8.2.jar;E:\Maven Download\apache-maven-3.8.5\maven-repo\org\junit\jupiter\junit-jupiter-api\5.8.2\junit-jupiter-api-5.8.2.jar;E:\Maven Download\apache-maven-3.8.5\maven-repo\org\opentest4j\opentest4j\1.2.0\opentest4j-1.2.0.jar;E:\Maven Download\apache-maven-3.8.5\maven-repo\org\junit\platform\junit-platform-commons\1.8.2\junit-platform-commons-1.8.2.jar;E:\Maven Download\apache-maven-3.8.5\maven-repo\org\apiguardian\apiguardian-api\1.1.2\apiguardian-api-1.1.2.jar;E:\Maven Download\apache-maven-3.8.5\maven-repo\org\junit\jupiter\junit-jupiter-params\5.8.2\junit-jupiter-params-5.8.2.jar;E:\Maven Download\apache-maven-3.8.5\maven-repo\org\junit\jupiter\junit-jupiter-engine\5.8.2\junit-jupiter-engine-5.8.2.jar;E:\Maven Download\apache-maven-3.8.5\maven-repo\org\junit\platform\junit-platform-engine\1.8.2\junit-platform-engine-1.8.2.jar;E:\Maven Download\apache-maven-3.8.5\maven-repo\org\mockito\mockito-core\4.5.1\mockito-core-4.5.1.jar;E:\Maven Download\apache-maven-3.8.5\maven-repo\net\bytebuddy\byte-buddy\1.12.11\byte-buddy-1.12.11.jar;E:\Maven Download\apache-maven-3.8.5\maven-repo\net\bytebuddy\byte-buddy-agent\1.12.11\byte-buddy-agent-1.12.11.jar;E:\Maven Download\apache-maven-3.8.5\maven-repo\org\objenesis\objenesis\3.2\objenesis-3.2.jar;E:\Maven Download\apache-maven-3.8.5\maven-repo\org\mockito\mockito-junit-jupiter\4.5.1\mockito-junit-jupiter-4.5.1.jar;E:\Maven Download\apache-maven-3.8.5\maven-repo\org\skyscreamer\jsonassert\1.5.0\jsonassert-1.5.0.jar;E:\Maven Download\apache-maven-3.8.5\maven-repo\com\vaadin\external\google\android-json\0.0.20131108.vaadin1\android-json-0.0.20131108.vaadin1.jar;E:\Maven Download\apache-maven-3.8.5\maven-repo\org\springframework\spring-core\5.3.21\spring-core-5.3.21.jar;E:\Maven Download\apache-maven-3.8.5\maven-repo\org\springframework\spring-jcl\5.3.21\spring-jcl-5.3.21.jar;E:\Maven Download\apache-maven-3.8.5\maven-repo\org\springframework\spring-test\5.3.21\spring-test-5.3.21.jar;E:\Maven Download\apache-maven-3.8.5\maven-repo\org\xmlunit\xmlunit-core\2.9.0\xmlunit-core-2.9.0.jar;"/>
    <property name="java.vm.vendor" value="Oracle Corporation"/>
    <property name="sun.arch.data.model" value="64"/>
    <property name="user.variant" value=""/>
    <property name="java.vendor.url" value="http://java.oracle.com/"/>
    <property name="user.timezone" value="Asia/Shanghai"/>
    <property name="java.vm.specification.version" value="1.8"/>
    <property name="os.name" value="Windows 10"/>
    <property name="user.country" value="CN"/>
    <property name="sun.java.launcher" value="SUN_STANDARD"/>
    <property name="sun.boot.library.path" value="E:\Java\jdk1.8.0_201\jre\bin"/>
    <property name="sun.java.command" value="C:\Users\86183\AppData\Local\Temp\surefire6447776690171380945\surefirebooter2711482273346092627.jar C:\Users\86183\AppData\Local\Temp\surefire6447776690171380945 2022-07-16T15-36-51_163-jvmRun1 surefire3905119804793421980tmp surefire_05201758596874705822tmp"/>
    <property name="surefire.test.class.path" value="F:\code\SpringBoot\springboot_01_quickstart\target\test-classes;F:\code\SpringBoot\springboot_01_quickstart\target\classes;E:\Maven Download\apache-maven-3.8.5\maven-repo\org\springframework\boot\spring-boot-starter-web\2.7.1\spring-boot-starter-web-2.7.1.jar;E:\Maven Download\apache-maven-3.8.5\maven-repo\org\springframework\boot\spring-boot-starter\2.7.1\spring-boot-starter-2.7.1.jar;E:\Maven Download\apache-maven-3.8.5\maven-repo\org\springframework\boot\spring-boot\2.7.1\spring-boot-2.7.1.jar;E:\Maven Download\apache-maven-3.8.5\maven-repo\org\springframework\boot\spring-boot-autoconfigure\2.7.1\spring-boot-autoconfigure-2.7.1.jar;E:\Maven Download\apache-maven-3.8.5\maven-repo\org\springframework\boot\spring-boot-starter-logging\2.7.1\spring-boot-starter-logging-2.7.1.jar;E:\Maven Download\apache-maven-3.8.5\maven-repo\ch\qos\logback\logback-classic\1.2.11\logback-classic-1.2.11.jar;E:\Maven Download\apache-maven-3.8.5\maven-repo\ch\qos\logback\logback-core\1.2.11\logback-core-1.2.11.jar;E:\Maven Download\apache-maven-3.8.5\maven-repo\org\apache\logging\log4j\log4j-to-slf4j\2.17.2\log4j-to-slf4j-2.17.2.jar;E:\Maven Download\apache-maven-3.8.5\maven-repo\org\apache\logging\log4j\log4j-api\2.17.2\log4j-api-2.17.2.jar;E:\Maven Download\apache-maven-3.8.5\maven-repo\org\slf4j\jul-to-slf4j\1.7.36\jul-to-slf4j-1.7.36.jar;E:\Maven Download\apache-maven-3.8.5\maven-repo\jakarta\annotation\jakarta.annotation-api\1.3.5\jakarta.annotation-api-1.3.5.jar;E:\Maven Download\apache-maven-3.8.5\maven-repo\org\yaml\snakeyaml\1.30\snakeyaml-1.30.jar;E:\Maven Download\apache-maven-3.8.5\maven-repo\org\springframework\boot\spring-boot-starter-json\2.7.1\spring-boot-starter-json-2.7.1.jar;E:\Maven Download\apache-maven-3.8.5\maven-repo\com\fasterxml\jackson\core\jackson-databind\2.13.3\jackson-databind-2.13.3.jar;E:\Maven Download\apache-maven-3.8.5\maven-repo\com\fasterxml\jackson\core\jackson-annotations\2.13.3\jackson-annotations-2.13.3.jar;E:\Maven Download\apache-maven-3.8.5\maven-repo\com\fasterxml\jackson\core\jackson-core\2.13.3\jackson-core-2.13.3.jar;E:\Maven Download\apache-maven-3.8.5\maven-repo\com\fasterxml\jackson\datatype\jackson-datatype-jdk8\2.13.3\jackson-datatype-jdk8-2.13.3.jar;E:\Maven Download\apache-maven-3.8.5\maven-repo\com\fasterxml\jackson\datatype\jackson-datatype-jsr310\2.13.3\jackson-datatype-jsr310-2.13.3.jar;E:\Maven Download\apache-maven-3.8.5\maven-repo\com\fasterxml\jackson\module\jackson-module-parameter-names\2.13.3\jackson-module-parameter-names-2.13.3.jar;E:\Maven Download\apache-maven-3.8.5\maven-repo\org\springframework\boot\spring-boot-starter-tomcat\2.7.1\spring-boot-starter-tomcat-2.7.1.jar;E:\Maven Download\apache-maven-3.8.5\maven-repo\org\apache\tomcat\embed\tomcat-embed-core\9.0.64\tomcat-embed-core-9.0.64.jar;E:\Maven Download\apache-maven-3.8.5\maven-repo\org\apache\tomcat\embed\tomcat-embed-el\9.0.64\tomcat-embed-el-9.0.64.jar;E:\Maven Download\apache-maven-3.8.5\maven-repo\org\apache\tomcat\embed\tomcat-embed-websocket\9.0.64\tomcat-embed-websocket-9.0.64.jar;E:\Maven Download\apache-maven-3.8.5\maven-repo\org\springframework\spring-web\5.3.21\spring-web-5.3.21.jar;E:\Maven Download\apache-maven-3.8.5\maven-repo\org\springframework\spring-beans\5.3.21\spring-beans-5.3.21.jar;E:\Maven Download\apache-maven-3.8.5\maven-repo\org\springframework\spring-webmvc\5.3.21\spring-webmvc-5.3.21.jar;E:\Maven Download\apache-maven-3.8.5\maven-repo\org\springframework\spring-aop\5.3.21\spring-aop-5.3.21.jar;E:\Maven Download\apache-maven-3.8.5\maven-repo\org\springframework\spring-context\5.3.21\spring-context-5.3.21.jar;E:\Maven Download\apache-maven-3.8.5\maven-repo\org\springframework\spring-expression\5.3.21\spring-expression-5.3.21.jar;E:\Maven Download\apache-maven-3.8.5\maven-repo\org\springframework\boot\spring-boot-starter-test\2.7.1\spring-boot-starter-test-2.7.1.jar;E:\Maven Download\apache-maven-3.8.5\maven-repo\org\springframework\boot\spring-boot-test\2.7.1\spring-boot-test-2.7.1.jar;E:\Maven Download\apache-maven-3.8.5\maven-repo\org\springframework\boot\spring-boot-test-autoconfigure\2.7.1\spring-boot-test-autoconfigure-2.7.1.jar;E:\Maven Download\apache-maven-3.8.5\maven-repo\com\jayway\jsonpath\json-path\2.7.0\json-path-2.7.0.jar;E:\Maven Download\apache-maven-3.8.5\maven-repo\net\minidev\json-smart\2.4.8\json-smart-2.4.8.jar;E:\Maven Download\apache-maven-3.8.5\maven-repo\net\minidev\accessors-smart\2.4.8\accessors-smart-2.4.8.jar;E:\Maven Download\apache-maven-3.8.5\maven-repo\org\ow2\asm\asm\9.1\asm-9.1.jar;E:\Maven Download\apache-maven-3.8.5\maven-repo\org\slf4j\slf4j-api\1.7.36\slf4j-api-1.7.36.jar;E:\Maven Download\apache-maven-3.8.5\maven-repo\jakarta\xml\bind\jakarta.xml.bind-api\2.3.3\jakarta.xml.bind-api-2.3.3.jar;E:\Maven Download\apache-maven-3.8.5\maven-repo\jakarta\activation\jakarta.activation-api\1.2.2\jakarta.activation-api-1.2.2.jar;E:\Maven Download\apache-maven-3.8.5\maven-repo\org\assertj\assertj-core\3.22.0\assertj-core-3.22.0.jar;E:\Maven Download\apache-maven-3.8.5\maven-repo\org\hamcrest\hamcrest\2.2\hamcrest-2.2.jar;E:\Maven Download\apache-maven-3.8.5\maven-repo\org\junit\jupiter\junit-jupiter\5.8.2\junit-jupiter-5.8.2.jar;E:\Maven Download\apache-maven-3.8.5\maven-repo\org\junit\jupiter\junit-jupiter-api\5.8.2\junit-jupiter-api-5.8.2.jar;E:\Maven Download\apache-maven-3.8.5\maven-repo\org\opentest4j\opentest4j\1.2.0\opentest4j-1.2.0.jar;E:\Maven Download\apache-maven-3.8.5\maven-repo\org\junit\platform\junit-platform-commons\1.8.2\junit-platform-commons-1.8.2.jar;E:\Maven Download\apache-maven-3.8.5\maven-repo\org\apiguardian\apiguardian-api\1.1.2\apiguardian-api-1.1.2.jar;E:\Maven Download\apache-maven-3.8.5\maven-repo\org\junit\jupiter\junit-jupiter-params\5.8.2\junit-jupiter-params-5.8.2.jar;E:\Maven Download\apache-maven-3.8.5\maven-repo\org\junit\jupiter\junit-jupiter-engine\5.8.2\junit-jupiter-engine-5.8.2.jar;E:\Maven Download\apache-maven-3.8.5\maven-repo\org\junit\platform\junit-platform-engine\1.8.2\junit-platform-engine-1.8.2.jar;E:\Maven Download\apache-maven-3.8.5\maven-repo\org\mockito\mockito-core\4.5.1\mockito-core-4.5.1.jar;E:\Maven Download\apache-maven-3.8.5\maven-repo\net\bytebuddy\byte-buddy\1.12.11\byte-buddy-1.12.11.jar;E:\Maven Download\apache-maven-3.8.5\maven-repo\net\bytebuddy\byte-buddy-agent\1.12.11\byte-buddy-agent-1.12.11.jar;E:\Maven Download\apache-maven-3.8.5\maven-repo\org\objenesis\objenesis\3.2\objenesis-3.2.jar;E:\Maven Download\apache-maven-3.8.5\maven-repo\org\mockito\mockito-junit-jupiter\4.5.1\mockito-junit-jupiter-4.5.1.jar;E:\Maven Download\apache-maven-3.8.5\maven-repo\org\skyscreamer\jsonassert\1.5.0\jsonassert-1.5.0.jar;E:\Maven Download\apache-maven-3.8.5\maven-repo\com\vaadin\external\google\android-json\0.0.20131108.vaadin1\android-json-0.0.20131108.vaadin1.jar;E:\Maven Download\apache-maven-3.8.5\maven-repo\org\springframework\spring-core\5.3.21\spring-core-5.3.21.jar;E:\Maven Download\apache-maven-3.8.5\maven-repo\org\springframework\spring-jcl\5.3.21\spring-jcl-5.3.21.jar;E:\Maven Download\apache-maven-3.8.5\maven-repo\org\springframework\spring-test\5.3.21\spring-test-5.3.21.jar;E:\Maven Download\apache-maven-3.8.5\maven-repo\org\xmlunit\xmlunit-core\2.9.0\xmlunit-core-2.9.0.jar;"/>
    <property name="sun.cpu.endian" value="little"/>
    <property name="user.home" value="C:\Users\86183"/>
    <property name="user.language" value="zh"/>
    <property name="java.specification.vendor" value="Oracle Corporation"/>
    <property name="java.home" value="E:\Java\jdk1.8.0_201\jre"/>
    <property name="basedir" value="F:\code\SpringBoot\springboot_01_quickstart"/>
    <property name="file.separator" value="\"/>
    <property name="line.separator" value="&#10;"/>
    <property name="java.vm.specification.vendor" value="Oracle Corporation"/>
    <property name="java.specification.name" value="Java Platform API Specification"/>
    <property name="java.awt.graphicsenv" value="sun.awt.Win32GraphicsEnvironment"/>
    <property name="surefire.real.class.path" value="C:\Users\86183\AppData\Local\Temp\surefire6447776690171380945\surefirebooter2711482273346092627.jar"/>
    <property name="sun.boot.class.path" value="E:\Java\jdk1.8.0_201\jre\lib\resources.jar;E:\Java\jdk1.8.0_201\jre\lib\rt.jar;E:\Java\jdk1.8.0_201\jre\lib\sunrsasign.jar;E:\Java\jdk1.8.0_201\jre\lib\jsse.jar;E:\Java\jdk1.8.0_201\jre\lib\jce.jar;E:\Java\jdk1.8.0_201\jre\lib\charsets.jar;E:\Java\jdk1.8.0_201\jre\lib\jfr.jar;E:\Java\jdk1.8.0_201\jre\classes"/>
    <property name="user.script" value=""/>
    <property name="sun.management.compiler" value="HotSpot 64-Bit Tiered Compilers"/>
    <property name="java.runtime.version" value="1.8.0_201-b09"/>
    <property name="user.name" value="86183"/>
    <property name="path.separator" value=";"/>
    <property name="os.version" value="10.0"/>
    <property name="java.endorsed.dirs" value="E:\Java\jdk1.8.0_201\jre\lib\endorsed"/>
    <property name="java.runtime.name" value="Java(TM) SE Runtime Environment"/>
    <property name="file.encoding" value="GBK"/>
    <property name="java.vm.name" value="Java HotSpot(TM) 64-Bit Server VM"/>
    <property name="localRepository" value="E:\Maven Download\apache-maven-3.8.5\maven-repo"/>
    <property name="java.vendor.url.bug" value="http://bugreport.sun.com/bugreport/"/>
    <property name="java.io.tmpdir" value="C:\Users\86183\AppData\Local\Temp\"/>
    <property name="idea.version" value="2021.3.3"/>
    <property name="java.version" value="1.8.0_201"/>
    <property name="user.dir" value="F:\code\SpringBoot\springboot_01_quickstart"/>
    <property name="os.arch" value="amd64"/>
    <property name="java.vm.specification.name" value="Java Virtual Machine Specification"/>
    <property name="java.awt.printerjob" value="sun.awt.windows.WPrinterJob"/>
    <property name="sun.os.patch.level" value=""/>
    <property name="java.library.path" value="E:\Java\jdk1.8.0_201\jre\bin;C:\WINDOWS\Sun\Java\bin;C:\WINDOWS\system32;C:\WINDOWS;E:\VMware Workstation\bin\;E:\Java\jdk1.8.0_201\bin;C:\Windows\system32;C:\Windows;C:\Windows\system32\wbem;C:\Program Files\NVIDIA Corporation\NVIDIA NvDLISR;C:\WINDOWS\system32;C:\WINDOWS;C:\WINDOWS\System32\Wbem;C:\WINDOWS\System32\WindowsPowerShell\v1.0\;C:\WINDOWS\System32\OpenSSH\;C:\Program Files\Microsoft SQL Server\Client SDK\ODBC\170\Tools\Binn\;C:\Program Files (x86)\Microsoft SQL Server\150\Tools\Binn\;C:\Program Files\Microsoft SQL Server\150\Tools\Binn\;C:\Program Files\Microsoft SQL Server\150\DTS\Binn\;C:\Program Files (x86)\Microsoft SQL Server\150\DTS\Binn\;C:\Program Files\Azure Data Studio\bin;C:\Program Files (x86)\NVIDIA Corporation\PhysX\Common;E:\Java\jdk1.8.0_201\bin;E:\Java\jdk1.8.0_201\jre\bin;&quot;;E:\Tomcat Download\apache-tomcat-10.0.18\lib;E:\Tomcat Download\apache-tomcat-10.0.18\bin;&quot;;E:\Maven Download\apache-maven-3.8.5\bin;E:\MySQL\mysql-8.0.28-winx64\bin;C:\Users\86183\AppData\Local\Microsoft\WindowsApps;D:\各类软件\Microsoft VS Code\bin;C:\Program Files\Azure Data Studio\bin;;."/>
    <property name="java.vm.info" value="mixed mode"/>
    <property name="java.vendor" value="Oracle Corporation"/>
    <property name="java.vm.version" value="25.201-b09"/>
    <property name="java.ext.dirs" value="E:\Java\jdk1.8.0_201\jre\lib\ext;C:\WINDOWS\Sun\Java\lib\ext"/>
    <property name="sun.io.unicode.encoding" value="UnicodeLittle"/>
    <property name="maven.repo.local" value="E:\Maven Download\apache-maven-3.8.5\maven-repo"/>
    <property name="java.class.version" value="52.0"/>
  </properties>
  <testcase name="contextLoads" classname="com.jl.ApplicationTests" time="0.423"/>
</testsuite>